<?xml version="1.0" encoding="UTF-8"?>
<!-- Generated by org.testng.reporters.JUnitReportReporter -->
<testsuite hostname="DESKTOP-1C8JGEG" failures="0" tests="2" name="com.PracticeTestNG.DataProviderTest" time="0.016" errors="0" timestamp="2023-09-15T12:59:13 IST" skipped="0">
  <testcase classname="com.PracticeTestNG.DataProviderTest" name="getData" time="0.003"/>
  <testcase classname="com.PracticeTestNG.DataProviderTest" name="getData" time="0.013"/>
</testsuite> <!-- com.PracticeTestNG.DataProviderTest -->
