<?xml version="1.0" encoding="UTF-8"?>
<!-- Generated by org.testng.reporters.JUnitReportReporter -->
<testsuite hostname="DESKTOP-1C8JGEG" failures="0" tests="1" name="com.PracticeTestNG.Sample1" time="0.005" errors="0" timestamp="2023-09-20T10:39:59 IST" skipped="0">
  <testcase classname="com.PracticeTestNG.Sample1" name="Sampletest" time="0.005"/>
</testsuite> <!-- com.PracticeTestNG.Sample1 -->
