<?xml version="1.0" encoding="UTF-8"?>
<!-- Generated by org.testng.reporters.JUnitReportReporter -->
<testsuite hostname="DESKTOP-1C8JGEG" failures="0" tests="1" name="com.smoke.smoke1" time="1.863" errors="0" timestamp="2023-09-19T13:27:51 IST" skipped="0">
  <testcase classname="com.smoke.smoke1" name="test" time="1.863"/>
</testsuite> <!-- com.smoke.smoke1 -->
