<?xml version="1.0" encoding="UTF-8"?>
<!-- Generated by org.testng.reporters.JUnitReportReporter -->
<testsuite hostname="DESKTOP-1C8JGEG" failures="0" tests="3" name="com.PracticeTestNG.PracticeTest" time="0.027" errors="0" timestamp="2023-09-15T12:26:23 IST" skipped="0">
  <testcase classname="com.PracticeTestNG.PracticeTest" name="createTest" time="0.017"/>
  <testcase classname="com.PracticeTestNG.PracticeTest" name="editTest" time="0.004"/>
  <testcase classname="com.PracticeTestNG.PracticeTest" name="deleteTest" time="0.006"/>
</testsuite> <!-- com.PracticeTestNG.PracticeTest -->
