<?xml version="1.0" encoding="UTF-8"?>
<!-- Generated by org.testng.reporters.JUnitReportReporter -->
<testsuite hostname="DESKTOP-1C8JGEG" failures="0" tests="5" name="com.PracticeTestNG.Practice1" time="0.017" errors="0" timestamp="2023-09-15T17:39:22 IST" skipped="0">
  <testcase classname="com.PracticeTestNG.Practice1" name="dataSetTest" time="0.004"/>
  <testcase classname="com.PracticeTestNG.Practice1" name="dataSetTest" time="0.007"/>
  <testcase classname="com.PracticeTestNG.Practice1" name="dataSetTest" time="0.002"/>
  <testcase classname="com.PracticeTestNG.Practice1" name="dataSetTest" time="0.002"/>
  <testcase classname="com.PracticeTestNG.Practice1" name="dataSetTest" time="0.002"/>
</testsuite> <!-- com.PracticeTestNG.Practice1 -->
