<?xml version="1.0" encoding="UTF-8"?>
<!-- Generated by org.testng.reporters.JUnitReportReporter -->
<testsuite hostname="DESKTOP-1C8JGEG" failures="0" tests="2" name="com.PracticeTestNG.Demo1" time="0.022" errors="0" timestamp="2023-09-19T17:23:01 IST" skipped="0">
  <testcase classname="com.PracticeTestNG.Demo1" name="Demo1test" time="0.011"/>
  <testcase classname="com.PracticeTestNG.Demo1" name="Demo1test" time="0.011"/>
</testsuite> <!-- com.PracticeTestNG.Demo1 -->
