<?xml version="1.0" encoding="UTF-8"?>
<!-- Generated by org.testng.reporters.JUnitReportReporter -->
<testsuite hostname="DESKTOP-1C8JGEG" failures="0" tests="3" name="com.PracticeTestNG.Simple1" time="0.018" errors="0" timestamp="2023-09-21T13:19:04 IST" skipped="0">
  <testcase classname="com.PracticeTestNG.Simple1" name="tester" time="0.003">
    <system-out>
      <![CDATA[tester------->Execution starts
tester------>TestScript executed successfully]]>
    </system-out>
  </testcase> <!-- tester -->
  <testcase classname="com.PracticeTestNG.Simple1" name="simpletest" time="0.009">
    <system-out>
      <![CDATA[simpletest------->Execution starts
simpletest------>TestScript executed successfully]]>
    </system-out>
  </testcase> <!-- simpletest -->
  <testcase classname="com.PracticeTestNG.Simple1" name="puntertest" time="0.006">
    <system-out>
      <![CDATA[puntertest------->Execution starts
puntertest------>TestScript executed successfully]]>
    </system-out>
  </testcase> <!-- puntertest -->
  <system-out>
    <![CDATA[demo------->Execution starts
demo---->skipped
getData------->Execution starts
getData------>TestScript executed successfully
getData------->Execution starts
getData------>TestScript executed successfully
getData------->Execution starts
getData------>TestScript executed successfully
puntertest------->Execution starts
puntertest------>TestScript executed successfully
simpletest------->Execution starts
simpletest------>TestScript executed successfully
tester------->Execution starts
tester------>TestScript executed successfully]]>
  </system-out>
</testsuite> <!-- com.PracticeTestNG.Simple1 -->
