<?xml version="1.0" encoding="UTF-8"?>
<!-- Generated by org.testng.reporters.JUnitReportReporter -->
<testsuite hostname="DESKTOP-1C8JGEG" failures="0" tests="1" name="com.travel.Test.ReadDataFromcmdTest" time="8.555" errors="0" timestamp="2023-09-06T15:09:24 IST" skipped="0">
  <testcase classname="com.travel.Test.ReadDataFromcmdTest" name="cmdTest" time="8.555"/>
</testsuite> <!-- com.travel.Test.ReadDataFromcmdTest -->
