<?xml version="1.0" encoding="UTF-8"?>
<!-- Generated by org.testng.reporters.JUnitReportReporter -->
<testsuite hostname="DESKTOP-1C8JGEG" failures="0" tests="3" name="com.PracticeTestNG.DTProviderExcnTest" time="0.011" errors="0" timestamp="2023-09-21T13:19:04 IST" skipped="0">
  <testcase classname="com.PracticeTestNG.DTProviderExcnTest" name="getData" time="0.005">
    <system-out>
      <![CDATA[getData------->Execution starts
getData------>TestScript executed successfully]]>
    </system-out>
  </testcase> <!-- getData -->
  <testcase classname="com.PracticeTestNG.DTProviderExcnTest" name="getData" time="0.003">
    <system-out>
      <![CDATA[getData------->Execution starts
getData------>TestScript executed successfully]]>
    </system-out>
  </testcase> <!-- getData -->
  <testcase classname="com.PracticeTestNG.DTProviderExcnTest" name="getData" time="0.003">
    <system-out>
      <![CDATA[getData------->Execution starts
getData------>TestScript executed successfully]]>
    </system-out>
  </testcase> <!-- getData -->
  <system-out>
    <![CDATA[demo------->Execution starts
demo---->skipped
getData------->Execution starts
getData------>TestScript executed successfully
getData------->Execution starts
getData------>TestScript executed successfully
getData------->Execution starts
getData------>TestScript executed successfully
puntertest------->Execution starts
puntertest------>TestScript executed successfully
simpletest------->Execution starts
simpletest------>TestScript executed successfully
tester------->Execution starts
tester------>TestScript executed successfully]]>
  </system-out>
</testsuite> <!-- com.PracticeTestNG.DTProviderExcnTest -->
