<?xml version="1.0" encoding="UTF-8"?>
<!-- Generated by org.testng.reporters.JUnitReportReporter -->
<testsuite hostname="DESKTOP-1C8JGEG" failures="0" tests="3" name="com.PracticeTestNG.AllAnnotationTest" time="0.021" errors="0" timestamp="2023-09-15T16:12:08 IST" skipped="0">
  <testcase classname="com.PracticeTestNG.AllAnnotationTest" name="punter" time="0.004"/>
  <testcase classname="com.PracticeTestNG.AllAnnotationTest" name="demo" time="0.012"/>
  <testcase classname="com.PracticeTestNG.AllAnnotationTest" name="sample" time="0.005"/>
</testsuite> <!-- com.PracticeTestNG.AllAnnotationTest -->
