<?xml version="1.0" encoding="UTF-8"?>
<!-- Generated by org.testng.reporters.JUnitReportReporter -->
<testsuite hostname="DESKTOP-1C8JGEG" failures="0" tests="3" name="com.PracticeTestNG.Simple1" time="0.012" errors="0" timestamp="2023-09-21T18:17:17 IST" skipped="0">
  <testcase classname="com.PracticeTestNG.Simple1" name="puntertest" time="0.001"/>
  <system-out/>
  <testcase classname="com.PracticeTestNG.Simple1" name="tester" time="0.002"/>
  <system-out/>
  <testcase classname="com.PracticeTestNG.Simple1" name="simpletest" time="0.009"/>
  <system-out/>
</testsuite> <!-- com.PracticeTestNG.Simple1 -->
