<?xml version="1.0" encoding="UTF-8"?>
<!-- Generated by org.testng.reporters.JUnitReportReporter -->
<testsuite hostname="DESKTOP-1C8JGEG" failures="0" tests="1" name="com.PracticeTestNG.SmokeBaseClassTestCases" time="1.660" errors="0" timestamp="2023-09-21T18:17:17 IST" skipped="0">
  <testcase classname="com.PracticeTestNG.SmokeBaseClassTestCases" name="demo" time="1.660"/>
  <system-out/>
</testsuite> <!-- com.PracticeTestNG.SmokeBaseClassTestCases -->
